<?xml version="1.0" encoding="UTF-8" ?>
<testsuite tests="6" failures="2" name="testRunner.TestRun" time="163.604" errors="0" skipped="0">
  <properties>
    <property name="JOB_NAME" value="CucumberProjectV001"/>
    <property name="java.vendor" value="Oracle Corporation"/>
    <property name="sun.java.launcher" value="SUN_STANDARD"/>
    <property name="RUN_TESTS_DISPLAY_URL" value="http://localhost:9090/job/CucumberProjectV001/2/display/redirect?page=tests"/>
    <property name="NUMBER_OF_PROCESSORS" value="4"/>
    <property name="sun.management.compiler" value="HotSpot 64-Bit Tiered Compilers"/>
    <property name="JENKINS_HOME" value="C:\Users\Mayur\.jenkins"/>
    <property name="FPS_BROWSER_USER_PROFILE_STRING" value="Default"/>
    <property name="HUDSON_SERVER_COOKIE" value="85ea24972e66d97d"/>
    <property name="os.name" value="Windows 10"/>
    <property name="SynaProgDir" value="Synaptics\SynTP"/>
    <property name="EXECUTOR_NUMBER" value="0"/>
    <property name="sun.desktop" value="windows"/>
    <property name="PATHEXT" value=".COM;.EXE;.BAT;.CMD;.VBS;.VBE;.JS;.JSE;.WSF;.WSH;.MSC"/>
    <property name="java.vm.specification.vendor" value="Oracle Corporation"/>
    <property name="TEMP" value="C:\Users\Mayur\AppData\Local\Temp"/>
    <property name="NODE_LABELS" value="built-in"/>
    <property name="java.runtime.version" value="11.0.5+10-LTS"/>
    <property name="FPS_BROWSER_APP_PROFILE_STRING" value="Internet Explorer"/>
    <property name="user.name" value="Mayur"/>
    <property name="guice.disable.misplaced.annotation.check" value="true"/>
    <property name="CommonProgramW6432" value="C:\Program Files\Common Files"/>
    <property name="ProgramFiles" value="C:\Program Files"/>
    <property name="PROMPT" value="$P$G"/>
    <property name="user.language" value="en"/>
    <property name="JOB_BASE_NAME" value="CucumberProjectV001"/>
    <property name="RUN_CHANGES_DISPLAY_URL" value="http://localhost:9090/job/CucumberProjectV001/2/display/redirect?page=changes"/>
    <property name="BUILD_DISPLAY_NAME" value="#2"/>
    <property name="OneDrive" value="C:\Users\Mayur\OneDrive"/>
    <property name="sun.boot.library.path" value="C:\Program Files\Java\jdk-11.0.5\bin"/>
    <property name="java.vm.compressedOopsMode" value="32-bit"/>
    <property name="LOCALAPPDATA" value="C:\Users\Mayur\AppData\Local"/>
    <property name="java.version" value="11.0.5"/>
    <property name="user.timezone" value="Asia/Calcutta"/>
    <property name="PROCESSOR_LEVEL" value="6"/>
    <property name="USERNAME" value="Mayur"/>
    <property name="sun.arch.data.model" value="64"/>
    <property name="NODE_NAME" value="built-in"/>
    <property name="BUILD_ID" value="2"/>
    <property name="sun.cpu.isalist" value="amd64"/>
    <property name="sun.jnu.encoding" value="Cp1252"/>
    <property name="maven.conf" value="C:\apache-maven-3.8.5\conf"/>
    <property name="HOMEDRIVE" value="C:"/>
    <property name="file.separator" value="\"/>
    <property name="java.specification.name" value="Java Platform API Specification"/>
    <property name="java.class.version" value="55.0"/>
    <property name="=::" value="::\"/>
    <property name="SCITE_USERHOME" value="C:\Users\Mayur\AppData\Local\AutoIt v3\SciTE"/>
    <property name="org.slf4j.simpleLogger.defaultLogLevel" value="info"/>
    <property name="user.country" value="IN"/>
    <property name="ALLUSERSPROFILE" value="C:\ProgramData"/>
    <property name="java.home" value="C:\Program Files\Java\jdk-11.0.5"/>
    <property name="java.vm.info" value="mixed mode"/>
    <property name="os.version" value="10.0"/>
    <property name="=ExitCode" value="00000001"/>
    <property name="RUN_DISPLAY_URL" value="http://localhost:9090/job/CucumberProjectV001/2/display/redirect"/>
    <property name="TMP" value="C:\Users\Mayur\AppData\Local\Temp"/>
    <property name="path.separator" value=";"/>
    <property name="RUN_ARTIFACTS_DISPLAY_URL" value="http://localhost:9090/job/CucumberProjectV001/2/display/redirect?page=artifacts"/>
    <property name="java.vm.version" value="11.0.5+10-LTS"/>
    <property name="user.variant" value=""/>
    <property name="CommonProgramFiles(x86)" value="C:\Program Files (x86)\Common Files"/>
    <property name="JOB_DISPLAY_URL" value="http://localhost:9090/job/CucumberProjectV001/display/redirect"/>
    <property name="USERDOMAIN_ROAMINGPROFILE" value="DESKTOP-16JHH16"/>
    <property name="java.awt.printerjob" value="sun.awt.windows.WPrinterJob"/>
    <property name="CommonProgramFiles" value="C:\Program Files\Common Files"/>
    <property name="sun.io.unicode.encoding" value="UnicodeLittle"/>
    <property name="JAVA_HOME" value="C:\Program Files\Java\jdk-11.0.5"/>
    <property name="ComSpec" value="C:\WINDOWS\system32\cmd.exe"/>
    <property name="HOMEPATH" value="\Users\Mayur"/>
    <property name="awt.toolkit" value="sun.awt.windows.WToolkit"/>
    <property name="COMPUTERNAME" value="DESKTOP-16JHH16"/>
    <property name="user.script" value=""/>
    <property name="user.home" value="C:\Users\Mayur"/>
    <property name="PUBLIC" value="C:\Users\Public"/>
    <property name="BUILD_TAG" value="jenkins-CucumberProjectV001-2"/>
    <property name="JENKINS_SERVER_COOKIE" value="85ea24972e66d97d"/>
    <property name="HUDSON_URL" value="http://localhost:9090/"/>
    <property name="ProgramData" value="C:\ProgramData"/>
    <property name="java.version.date" value="2019-10-15"/>
    <property name="java.specification.vendor" value="Oracle Corporation"/>
    <property name="USERPROFILE" value="C:\Users\Mayur"/>
    <property name="CLASSPATH" value=""/>
    <property name="java.library.path" value="C:\Program Files\Java\jdk-11.0.5\bin;C:\WINDOWS\Sun\Java\bin;C:\WINDOWS\system32;C:\WINDOWS;C:\apache-maven-3.8.5\/bin;C:\Program Files\Java\jdk-11.0.5/bin;C:\Program Files\Java\jdk-11.0.5/bin;C:\WINDOWS\system32;C:\WINDOWS;C:\WINDOWS\System32\Wbem;C:\WINDOWS\System32\WindowsPowerShell\v1.0\;C:\WINDOWS\System32\OpenSSH\;C:\Program Files\Git\cmd;C:\Program Files (x86)\Smart Projects\IsoBuster;E:\zipMaven\apache-maven-3.8.5-bin\apache-maven-3.8.5\bin;C:\Program Files\Java\jdk-11.0.5\bin;C:\apache-maven-3.8.5\bin;C:\Program Files\nodejs\;C:\Program Files\Microsoft SQL Server\Client SDK\ODBC\170\Tools\Binn\;C:\Program Files (x86)\Microsoft SQL Server\150\Tools\Binn\;C:\Program Files\Microsoft SQL Server\150\Tools\Binn\;C:\Program Files\Microsoft SQL Server\150\DTS\Binn\;C:\Program Files (x86)\Microsoft SQL Server\150\DTS\Binn\;C:\Program Files\Azure Data Studio\bin;C:\Program Files\Docker\Docker\resources\bin;C:\ProgramData\DockerDesktop\version-bin;C:\Users\Mayur\AppData\Local\Microsoft\WindowsApps;C:\Users\Mayur\AppData\Roaming\npm;C:\Program Files\Azure Data Studio\bin;."/>
    <property name="java.vendor.url" value="http://java.oracle.com/"/>
    <property name="java.vm.vendor" value="Oracle Corporation"/>
    <property name="APPDATA" value="C:\Users\Mayur\AppData\Roaming"/>
    <property name="java.runtime.name" value="Java(TM) SE Runtime Environment"/>
    <property name="maven.home" value="C:\apache-maven-3.8.5"/>
    <property name="java.class.path" value="C:\Users\Mayur\.jenkins\plugins\maven-plugin\WEB-INF\lib\maven35-agent-1.13.jar;C:\apache-maven-3.8.5\boot\plexus-classworlds-2.6.0.jar;C:\apache-maven-3.8.5/conf/logging"/>
    <property name="sun.java.command" value="jenkins.maven3.agent.Maven35Main C:\apache-maven-3.8.5\ C:\Users\Mayur\.jenkins\war\WEB-INF\lib\remoting-4.13.jar C:\Users\Mayur\.jenkins\plugins\maven-plugin\WEB-INF\lib\maven35-interceptor-1.13.jar C:\Users\Mayur\.jenkins\plugins\maven-plugin\WEB-INF\lib\maven3-interceptor-commons-1.13.jar 61441"/>
    <property name="Path" value="C:\Program Files\Java\jdk-11.0.5/bin;C:\WINDOWS\system32;C:\WINDOWS;C:\WINDOWS\System32\Wbem;C:\WINDOWS\System32\WindowsPowerShell\v1.0\;C:\WINDOWS\System32\OpenSSH\;C:\Program Files\Git\cmd;C:\Program Files (x86)\Smart Projects\IsoBuster;E:\zipMaven\apache-maven-3.8.5-bin\apache-maven-3.8.5\bin;C:\Program Files\Java\jdk-11.0.5\bin;C:\apache-maven-3.8.5\bin;C:\Program Files\nodejs\;C:\Program Files\Microsoft SQL Server\Client SDK\ODBC\170\Tools\Binn\;C:\Program Files (x86)\Microsoft SQL Server\150\Tools\Binn\;C:\Program Files\Microsoft SQL Server\150\Tools\Binn\;C:\Program Files\Microsoft SQL Server\150\DTS\Binn\;C:\Program Files (x86)\Microsoft SQL Server\150\DTS\Binn\;C:\Program Files\Azure Data Studio\bin;C:\Program Files\Docker\Docker\resources\bin;C:\ProgramData\DockerDesktop\version-bin;C:\Users\Mayur\AppData\Local\Microsoft\WindowsApps;C:\Users\Mayur\AppData\Roaming\npm;C:\Program Files\Azure Data Studio\bin"/>
    <property name="jdk.debug" value="release"/>
    <property name="PROCESSOR_ARCHITECTURE" value="AMD64"/>
    <property name="java.vm.specification.name" value="Java Virtual Machine Specification"/>
    <property name="jansi.mode" value="strip"/>
    <property name="PATH+JDK" value="C:\Program Files\Java\jdk-11.0.5/bin"/>
    <property name="SESSIONNAME" value="Console"/>
    <property name="PROCESSOR_IDENTIFIER" value="Intel64 Family 6 Model 142 Stepping 9, GenuineIntel"/>
    <property name="java.vm.specification.version" value="11"/>
    <property name="M2_MAVEN" value="E:\zipMaven\apache-maven-3.8.5-bin\apache-maven-3.8.5\bin"/>
    <property name="M2_HOME" value="C:\apache-maven-3.8.5\"/>
    <property name="sun.cpu.endian" value="little"/>
    <property name="sun.os.patch.level" value=""/>
    <property name="OS" value="Windows_NT"/>
    <property name="CI" value="true"/>
    <property name="java.io.tmpdir" value="C:\Users\Mayur\AppData\Local\Temp\"/>
    <property name="HUDSON_HOME" value="C:\Users\Mayur\.jenkins"/>
    <property name="PATH+MAVEN" value="C:\apache-maven-3.8.5\/bin"/>
    <property name="ProgramFiles(x86)" value="C:\Program Files (x86)"/>
    <property name="java.vendor.url.bug" value="http://bugreport.java.com/bugreport/"/>
    <property name="BUILD_URL" value="http://localhost:9090/job/CucumberProjectV001/2/"/>
    <property name="SystemRoot" value="C:\WINDOWS"/>
    <property name="os.arch" value="amd64"/>
    <property name="java.awt.graphicsenv" value="sun.awt.Win32GraphicsEnvironment"/>
    <property name="user.dir" value="C:\Users\Mayur\eclipse-workspace-one\CucumberProjectV001"/>
    <property name="JOB_URL" value="http://localhost:9090/job/CucumberProjectV001/"/>
    <property name="LOGONSERVER" value="\\DESKTOP-16JHH16"/>
    <property name="USERDOMAIN" value="DESKTOP-16JHH16"/>
    <property name="MAVEN_HOME" value="C:\apache-maven-3.8.5\"/>
    <property name="line.separator" value="
"/>
    <property name="java.vm.name" value="Java HotSpot(TM) 64-Bit Server VM"/>
    <property name="BUILD_NUMBER" value="2"/>
    <property name="PROCESSOR_REVISION" value="8e09"/>
    <property name="JENKINS_URL" value="http://localhost:9090/"/>
    <property name="ProgramW6432" value="C:\Program Files"/>
    <property name="windir" value="C:\WINDOWS"/>
    <property name="=C:" value="C:\Users\Mayur\Downloads"/>
    <property name="file.encoding" value="Cp1252"/>
    <property name="SystemDrive" value="C:"/>
    <property name="maven3.interceptor" value="C:\Users\Mayur\.jenkins\plugins\maven-plugin\WEB-INF\lib\maven35-interceptor-1.13.jar"/>
    <property name="WORKSPACE_TMP" value="C:\Users\Mayur\.jenkins\workspace\CucumberProjectV001@tmp"/>
    <property name="WORKSPACE" value="C:\Users\Mayur\.jenkins\workspace\CucumberProjectV001"/>
    <property name="maven3.interceptor.common" value="C:\Users\Mayur\.jenkins\plugins\maven-plugin\WEB-INF\lib\maven3-interceptor-commons-1.13.jar"/>
    <property name="PSModulePath" value="C:\Program Files (x86)\WindowsPowerShell\Modules;C:\WINDOWS\system32\WindowsPowerShell\v1.0\Modules;C:\Program Files (x86)\Microsoft SQL Server\150\Tools\PowerShell\Modules\;C:\Program Files (x86)\AutoIt3\AutoItX"/>
    <property name="java.specification.version" value="11"/>
    <property name="DriverData" value="C:\Windows\System32\Drivers\DriverData"/>
    <property name="java.vendor.version" value="18.9"/>
  </properties>
  <testcase classname="Customers" name="Add a new Customer" time="69.494"/>
  <testcase classname="Customers" name="Search customer by Emailid" time="33.464"/>
  <testcase classname="Customers" name="Search customer by Name" time="30.257"/>
  <testcase classname="Login" name="Successful login with valid Credentials" time="19.574"/>
  <testcase classname="Login" name="Login Data Driven" time="5.132">
    <failure message="expected:&lt;[Dashboard / nopCommerce administratio]n&gt; but was:&lt;[Your store. Logi]n&gt;" type="org.junit.ComparisonFailure">org.junit.ComparisonFailure: expected:&lt;[Dashboard / nopCommerce administratio]n&gt; but was:&lt;[Your store. Logi]n&gt;
	at org.junit.Assert.assertEquals(Assert.java:115)
	at org.junit.Assert.assertEquals(Assert.java:144)
	at stepDefinations.Steps.page_title_should_be(Steps.java:118)
	at ✽.Page title should be &quot;Dashboard / nopCommerce administration&quot;(file:Features/Login.feature:40)
</failure>
    <system-out>
  @regression
  Scenario Outline: Login Data Driven # Features/Login.feature:35
    Given User Launch Chrome browser
    When User opens URL &quot;https://admin-demo.nopcommerce.com/login?ReturnUrl=%2Fadmin%2F&quot;
    And User enters Email as&quot;&lt;email&gt;&quot; as Password as &quot;&lt;password&gt;&quot;
    And Click on Login
    Then Page title should be &quot;Dashboard / nopCommerce administration&quot;
    When User click on Log out link
    Then Page Title should be &quot;Your store. Login&quot;
    And close browser

    Examples: 

  @tag @regression
  Scenario Outline: Login Data Driven                                                    # Features/Login.feature:47
 INFO [main] (Steps.java:70)- *****Launching URL********
    Given User Launch Chrome browser                                                     # Steps.user_Launch_Chrome_browser()
 INFO [main] (Steps.java:86)- *******Opening URL********
    When User opens URL &quot;https://admin-demo.nopcommerce.com/login?ReturnUrl=%2Fadmin%2F&quot; # Steps.user_opens_URL(String)
 INFO [main] (Steps.java:94)- *****Providing Login Details********
    And User enters Email as&quot;admin@yourstore.com&quot; as Password as &quot;admin&quot;                 # Steps.user_enters_Email_as_as_Password_as(String,String)
 INFO [main] (Steps.java:102)- *******Started login********
    And Click on Login                                                                   # Steps.click_on_Login()
 INFO [main] (Steps.java:117)- *******Login Failed********
    Then Page title should be &quot;Dashboard / nopCommerce administration&quot;                   # Steps.page_title_should_be(String)
      org.junit.ComparisonFailure: expected:&lt;[Dashboard / nopCommerce administratio]n&gt; but was:&lt;[Your store. Logi]n&gt;
	at org.junit.Assert.assertEquals(Assert.java:115)
	at org.junit.Assert.assertEquals(Assert.java:144)
	at stepDefinations.Steps.page_title_should_be(Steps.java:118)
	at ?.Page title should be &quot;Dashboard / nopCommerce administration&quot;(file:Features/Login.feature:40)

    When User click on Log out link                                                      # Steps.user_click_on_Log_out_link()
    Then Page Title should be &quot;Your store. Login&quot;                                        # Steps.page_Title_should_be(String)
    And close browser                                                                    # Steps.close_browser()
</system-out>
    <system-err>Starting ChromeDriver 103.0.5060.134 (8ec6fce403b3feb0869b0732eda8bd95011d333c-refs/branch-heads/5060@{#1262}) on port 17654
Only local connections are allowed.
Please see https://chromedriver.chromium.org/security-considerations for suggestions on keeping ChromeDriver safe.
ChromeDriver was started successfully.
Jul 27, 2022 9:39:48 AM org.openqa.selenium.remote.ProtocolHandshake createSession
INFO: Detected dialect: W3C
</system-err>
  </testcase>
  <testcase classname="Login" name="Login Data Driven" time="5.683">
    <failure message="expected:&lt;[Dashboard / nopCommerce administratio]n&gt; but was:&lt;[Your store. Logi]n&gt;" type="org.junit.ComparisonFailure">org.junit.ComparisonFailure: expected:&lt;[Dashboard / nopCommerce administratio]n&gt; but was:&lt;[Your store. Logi]n&gt;
	at org.junit.Assert.assertEquals(Assert.java:115)
	at org.junit.Assert.assertEquals(Assert.java:144)
	at stepDefinations.Steps.page_title_should_be(Steps.java:118)
	at ✽.Page title should be &quot;Dashboard / nopCommerce administration&quot;(file:Features/Login.feature:40)
</failure>
    <system-out>
  @tag @regression
  Scenario Outline: Login Data Driven                                                    # Features/Login.feature:48
 INFO [main] (Steps.java:70)- *****Launching URL********
    Given User Launch Chrome browser                                                     # Steps.user_Launch_Chrome_browser()
 INFO [main] (Steps.java:86)- *******Opening URL********
    When User opens URL &quot;https://admin-demo.nopcommerce.com/login?ReturnUrl=%2Fadmin%2F&quot; # Steps.user_opens_URL(String)
 INFO [main] (Steps.java:94)- *****Providing Login Details********
    And User enters Email as&quot;admin1@yourstore.com&quot; as Password as &quot;admin123&quot;             # Steps.user_enters_Email_as_as_Password_as(String,String)
 INFO [main] (Steps.java:102)- *******Started login********
    And Click on Login                                                                   # Steps.click_on_Login()
 INFO [main] (Steps.java:117)- *******Login Failed********
    Then Page title should be &quot;Dashboard / nopCommerce administration&quot;                   # Steps.page_title_should_be(String)
      org.junit.ComparisonFailure: expected:&lt;[Dashboard / nopCommerce administratio]n&gt; but was:&lt;[Your store. Logi]n&gt;
	at org.junit.Assert.assertEquals(Assert.java:115)
	at org.junit.Assert.assertEquals(Assert.java:144)
	at stepDefinations.Steps.page_title_should_be(Steps.java:118)
	at ?.Page title should be &quot;Dashboard / nopCommerce administration&quot;(file:Features/Login.feature:40)

    When User click on Log out link                                                      # Steps.user_click_on_Log_out_link()
    Then Page Title should be &quot;Your store. Login&quot;                                        # Steps.page_Title_should_be(String)
    And close browser                                                                    # Steps.close_browser()
</system-out>
    <system-err>Starting ChromeDriver 103.0.5060.134 (8ec6fce403b3feb0869b0732eda8bd95011d333c-refs/branch-heads/5060@{#1262}) on port 15174
Only local connections are allowed.
Please see https://chromedriver.chromium.org/security-considerations for suggestions on keeping ChromeDriver safe.
ChromeDriver was started successfully.
Jul 27, 2022 9:39:53 AM org.openqa.selenium.remote.ProtocolHandshake createSession
INFO: Detected dialect: W3C
</system-err>
  </testcase>
</testsuite>